<?xml version="1.0" encoding="UTF-8"?>
<testsuite name="com.ozduman.ParkApplicationTest" tests="4" skipped="0" failures="0" errors="0" timestamp="2020-12-22T16:26:30" hostname="halukoz-VirtualBox" time="2.044">
  <properties/>
  <testcase name="getsAllRides" classname="com.ozduman.ParkApplicationTest" time="1.462"/>
  <testcase name="getsSingleRide" classname="com.ozduman.ParkApplicationTest" time="0.156"/>
  <testcase name="returnsNotFoundForInvalidSingleRide" classname="com.ozduman.ParkApplicationTest" time="0.086"/>
  <testcase name="addsNewRide" classname="com.ozduman.ParkApplicationTest" time="0.302"/>
  <system-out><![CDATA[17:26:20.041 [Test worker] DEBUG org.springframework.test.annotation.ProfileValueUtils - Retrieved @ProfileValueSourceConfiguration [null] for test class [com.ozduman.ParkApplicationTest]
17:26:20.045 [Test worker] DEBUG org.springframework.test.annotation.ProfileValueUtils - Retrieved ProfileValueSource type [class org.springframework.test.annotation.SystemProfileValueSource] for class [com.ozduman.ParkApplicationTest]
17:26:20.046 [Test worker] DEBUG org.springframework.test.annotation.ProfileValueUtils - Retrieved @ProfileValueSourceConfiguration [null] for test class [com.ozduman.ParkApplicationTest]
17:26:20.053 [Test worker] DEBUG org.springframework.test.annotation.ProfileValueUtils - Retrieved ProfileValueSource type [class org.springframework.test.annotation.SystemProfileValueSource] for class [com.ozduman.ParkApplicationTest]
17:26:20.088 [Test worker] DEBUG org.springframework.test.context.support.AbstractDirtiesContextTestExecutionListener - Before test class: context [DefaultTestContext@23234b6c testClass = ParkApplicationTest, testInstance = [null], testMethod = [null], testException = [null], mergedContextConfiguration = [WebMergedContextConfiguration@9b8e829 testClass = ParkApplicationTest, locations = '{}', classes = '{class com.ozduman.ParkApplication}', contextInitializerClasses = '[]', activeProfiles = '{}', propertySourceLocations = '{}', propertySourceProperties = '{org.springframework.boot.test.context.SpringBootTestContextBootstrapper=true}', contextCustomizers = set[org.springframework.boot.test.autoconfigure.properties.PropertyMappingContextCustomizer@4b3fa0b3, org.springframework.boot.test.autoconfigure.web.servlet.WebDriverContextCustomizerFactory$Customizer@397cc21, [ImportsContextCustomizer@df69e3d key = [org.springframework.boot.test.autoconfigure.web.servlet.MockMvcAutoConfiguration, org.springframework.boot.test.autoconfigure.web.servlet.MockMvcWebClientAutoConfiguration, org.springframework.boot.test.autoconfigure.web.servlet.MockMvcWebDriverAutoConfiguration, org.springframework.boot.autoconfigure.security.oauth2.client.servlet.OAuth2ClientAutoConfiguration, org.springframework.boot.autoconfigure.security.oauth2.resource.servlet.OAuth2ResourceServerAutoConfiguration, org.springframework.boot.autoconfigure.security.servlet.SecurityAutoConfiguration, org.springframework.boot.autoconfigure.security.servlet.SecurityFilterAutoConfiguration, org.springframework.boot.autoconfigure.security.servlet.UserDetailsServiceAutoConfiguration, org.springframework.boot.test.autoconfigure.web.servlet.MockMvcSecurityConfiguration]], org.springframework.boot.test.context.filter.ExcludeFilterContextCustomizer@7e487834, org.springframework.boot.test.json.DuplicateJsonObjectContextCustomizerFactory$DuplicateJsonObjectContextCustomizer@721eb3b2, org.springframework.boot.test.mock.mockito.MockitoContextCustomizer@0, org.springframework.boot.test.web.client.TestRestTemplateContextCustomizer@2440bd6e, org.springframework.boot.test.context.SpringBootTestArgs@1], resourceBasePath = 'src/main/webapp', contextLoader = 'org.springframework.boot.test.context.SpringBootContextLoader', parent = [null]], attributes = map['org.springframework.test.context.web.ServletTestExecutionListener.activateListener' -> true]], class annotated with @DirtiesContext [false] with mode [null].
17:26:20.095 [Test worker] DEBUG org.springframework.test.annotation.ProfileValueUtils - Retrieved @ProfileValueSourceConfiguration [null] for test class [com.ozduman.ParkApplicationTest]
17:26:20.103 [Test worker] DEBUG org.springframework.test.annotation.ProfileValueUtils - Retrieved ProfileValueSource type [class org.springframework.test.annotation.SystemProfileValueSource] for class [com.ozduman.ParkApplicationTest]
17:26:20.159 [Test worker] DEBUG org.springframework.test.context.support.TestPropertySourceUtils - Adding inlined properties to environment: {spring.jmx.enabled=false, org.springframework.boot.test.context.SpringBootTestContextBootstrapper=true}

  .   ____          _            __ _ _
 /\\ / ___'_ __ _ _(_)_ __  __ _ \ \ \ \
( ( )\___ | '_ | '_| | '_ \/ _` | \ \ \ \
 \\/  ___)| |_)| | | | | || (_| |  ) ) ) )
  '  |____| .__|_| |_|_| |_\__, | / / / /
 =========|_|==============|___/=/_/_/_/
 :: Spring Boot ::        (v2.3.4.RELEASE)

2020-12-22 17:26:20.669  INFO 32542 --- [    Test worker] com.ozduman.ParkApplicationTest          : Starting ParkApplicationTest on halukoz-VirtualBox with PID 32542 (started by halukoz in /home/halukoz/IdeaProjects/spring-boot-demo)
2020-12-22 17:26:20.674  INFO 32542 --- [    Test worker] com.ozduman.ParkApplicationTest          : No active profile set, falling back to default profiles: default
2020-12-22 17:26:22.446  INFO 32542 --- [    Test worker] .s.d.r.c.RepositoryConfigurationDelegate : Bootstrapping Spring Data JPA repositories in DEFERRED mode.
2020-12-22 17:26:22.583  INFO 32542 --- [    Test worker] .s.d.r.c.RepositoryConfigurationDelegate : Finished Spring Data repository scanning in 122ms. Found 1 JPA repository interfaces.
2020-12-22 17:26:23.651  INFO 32542 --- [    Test worker] o.s.s.concurrent.ThreadPoolTaskExecutor  : Initializing ExecutorService 'applicationTaskExecutor'
2020-12-22 17:26:23.672  INFO 32542 --- [    Test worker] com.zaxxer.hikari.HikariDataSource       : HikariPool-1 - Starting...
2020-12-22 17:26:23.928  INFO 32542 --- [    Test worker] com.zaxxer.hikari.HikariDataSource       : HikariPool-1 - Start completed.
2020-12-22 17:26:24.058  INFO 32542 --- [         task-1] o.hibernate.jpa.internal.util.LogHelper  : HHH000204: Processing PersistenceUnitInfo [name: default]
2020-12-22 17:26:24.204  INFO 32542 --- [         task-1] org.hibernate.Version                    : HHH000412: Hibernate ORM core version 5.4.21.Final
2020-12-22 17:26:24.761  INFO 32542 --- [         task-1] o.hibernate.annotations.common.Version   : HCANN000001: Hibernate Commons Annotations {5.1.0.Final}
2020-12-22 17:26:25.174  INFO 32542 --- [         task-1] org.hibernate.dialect.Dialect            : HHH000400: Using dialect: org.hibernate.dialect.H2Dialect
2020-12-22 17:26:25.485  WARN 32542 --- [    Test worker] JpaBaseConfiguration$JpaWebConfiguration : spring.jpa.open-in-view is enabled by default. Therefore, database queries may be performed during view rendering. Explicitly configure spring.jpa.open-in-view to disable this warning
2020-12-22 17:26:27.503  INFO 32542 --- [         task-1] o.h.e.t.j.p.i.JtaPlatformInitiator       : HHH000490: Using JtaPlatform implementation: [org.hibernate.engine.transaction.jta.platform.internal.NoJtaPlatform]
2020-12-22 17:26:27.521  INFO 32542 --- [         task-1] j.LocalContainerEntityManagerFactoryBean : Initialized JPA EntityManagerFactory for persistence unit 'default'
2020-12-22 17:26:28.605  INFO 32542 --- [    Test worker] o.s.b.t.m.w.SpringBootMockServletContext : Initializing Spring TestDispatcherServlet ''
2020-12-22 17:26:28.606  INFO 32542 --- [    Test worker] o.s.t.web.servlet.TestDispatcherServlet  : Initializing Servlet ''
2020-12-22 17:26:28.632  INFO 32542 --- [    Test worker] o.s.b.a.e.web.EndpointLinksResolver      : Exposing 2 endpoint(s) beneath base path '/actuator'
2020-12-22 17:26:28.685  INFO 32542 --- [    Test worker] o.s.t.web.servlet.TestDispatcherServlet  : Completed initialization in 77 ms
2020-12-22 17:26:28.747  INFO 32542 --- [    Test worker] DeferredRepositoryInitializationListener : Triggering deferred initialization of Spring Data repositories…
2020-12-22 17:26:30.114  INFO 32542 --- [    Test worker] DeferredRepositoryInitializationListener : Spring Data repositories initialized!
2020-12-22 17:26:30.173  INFO 32542 --- [    Test worker] com.ozduman.ParkApplicationTest          : Started ParkApplicationTest in 9.989 seconds (JVM running for 12.441)
]]></system-out>
  <system-err><![CDATA[]]></system-err>
</testsuite>
